<?xml version="1.0" encoding="UTF-8"?>
<testng-results ignored="0" total="1" passed="1" failed="0" skipped="0">
  <reporter-output>
  </reporter-output>
  <suite started-at="2023-12-27T17:07:53 IST" name="Suite" finished-at="2023-12-27T17:08:02 IST" duration-ms="9868">
    <groups>
    </groups>
    <test started-at="2023-12-27T17:07:53 IST" name="Test" finished-at="2023-12-27T17:08:02 IST" duration-ms="9868">
      <class name="com.cogni.genc.testcases2.Validate_LoginPageTest">
        <test-method is-config="true" signature="setUp()[pri:0, instance:com.cogni.genc.testcases2.Validate_LoginPageTest@1ea9f6af]" started-at="2023-12-27T17:07:51 IST" name="setUp" finished-at="2023-12-27T17:07:53 IST" duration-ms="1890" status="PASS">
          <reporter-output>
          </reporter-output>
        </test-method> <!-- setUp -->
        <test-method is-config="true" signature="initializeObject()[pri:0, instance:com.cogni.genc.testcases2.Validate_LoginPageTest@1ea9f6af]" started-at="2023-12-27T17:07:53 IST" name="initializeObject" finished-at="2023-12-27T17:07:53 IST" duration-ms="0" status="PASS">
          <reporter-output>
          </reporter-output>
        </test-method> <!-- initializeObject -->
        <test-method signature="testLogin()[pri:0, instance:com.cogni.genc.testcases2.Validate_LoginPageTest@1ea9f6af]" started-at="2023-12-27T17:07:53 IST" name="testLogin" finished-at="2023-12-27T17:08:02 IST" duration-ms="9838" status="PASS">
          <reporter-output>
          </reporter-output>
        </test-method> <!-- testLogin -->
      </class> <!-- com.cogni.genc.testcases2.Validate_LoginPageTest -->
    </test> <!-- Test -->
  </suite> <!-- Suite -->
</testng-results>
