<?xml version="1.0" encoding="UTF-8"?>
<testng-results ignored="0" total="1" passed="1" failed="0" skipped="0">
  <reporter-output>
  </reporter-output>
  <suite started-at="2023-12-19T19:28:46 IST" name="Default suite" finished-at="2023-12-19T19:28:50 IST" duration-ms="3711">
    <groups>
    </groups>
    <test started-at="2023-12-19T19:28:46 IST" name="Default test" finished-at="2023-12-19T19:28:50 IST" duration-ms="3711">
      <class name="com.cogni.genc.testcases2.Validate_LoginPageTest">
        <test-method is-config="true" signature="setUp()[pri:0, instance:com.cogni.genc.testcases2.Validate_LoginPageTest@31304f14]" started-at="2023-12-19T19:28:44 IST" name="setUp" finished-at="2023-12-19T19:28:46 IST" duration-ms="1929" status="PASS">
          <reporter-output>
          </reporter-output>
        </test-method> <!-- setUp -->
        <test-method is-config="true" signature="initializeObject()[pri:0, instance:com.cogni.genc.testcases2.Validate_LoginPageTest@31304f14]" started-at="2023-12-19T19:28:46 IST" name="initializeObject" finished-at="2023-12-19T19:28:46 IST" duration-ms="4" status="PASS">
          <reporter-output>
          </reporter-output>
        </test-method> <!-- initializeObject -->
        <test-method signature="testLogin()[pri:0, instance:com.cogni.genc.testcases2.Validate_LoginPageTest@31304f14]" started-at="2023-12-19T19:28:46 IST" name="testLogin" finished-at="2023-12-19T19:28:50 IST" duration-ms="3651" status="PASS">
          <reporter-output>
          </reporter-output>
        </test-method> <!-- testLogin -->
      </class> <!-- com.cogni.genc.testcases2.Validate_LoginPageTest -->
    </test> <!-- Default test -->
  </suite> <!-- Default suite -->
</testng-results>
